<?xml version="1.0" encoding="UTF-8"?>
<testng-results ignored="0" total="2" passed="2" failed="0" skipped="0">
  <reporter-output>
  </reporter-output>
  <suite started-at="2023-06-05T16:27:52 IST" name="Default suite" finished-at="2023-06-05T16:27:52 IST" duration-ms="104">
    <groups>
    </groups>
    <test started-at="2023-06-05T16:27:52 IST" name="Default test" finished-at="2023-06-05T16:27:52 IST" duration-ms="104">
      <class name="Base.workingwithassertswithexample">
        <test-method signature="login()[pri:1, instance:Base.workingwithassertswithexample@4803b726]" started-at="2023-06-05T16:27:52 IST" name="login" finished-at="2023-06-05T16:27:52 IST" duration-ms="20" status="PASS">
          <reporter-output>
          </reporter-output>
        </test-method> <!-- login -->
        <test-method signature="homepage()[pri:2, instance:Base.workingwithassertswithexample@4803b726]" started-at="2023-06-05T16:27:52 IST" name="homepage" finished-at="2023-06-05T16:27:52 IST" depends-on-methods="Base.workingwithassertswithexample.login" duration-ms="7" status="PASS">
          <reporter-output>
          </reporter-output>
        </test-method> <!-- homepage -->
      </class> <!-- Base.workingwithassertswithexample -->
    </test> <!-- Default test -->
  </suite> <!-- Default suite -->
</testng-results>
